

Microchip MPLAB XC8 Assembler V2.40 build 20220703182018 
                                                                                               Mon Mar 20 16:35:36 2023

Microchip MPLAB XC8 C Compiler v2.40 (Free license) build 20220703182018 Og1 
     1                           	processor	18F45K50
     2                           	fnconf	rparam,??,?,0
     3                           	pagewidth 120
     4                           	opt	flic
     5                           	psect	idataCOMRAM,global,class=CODE,delta=1,noexec
     6                           	psect	cinit,global,reloc=2,class=CODE,delta=1
     7                           	psect	bssCOMRAM,global,class=COMRAM,space=1,delta=1,lowdata,noexec
     8                           	psect	dataCOMRAM,global,class=COMRAM,space=1,delta=1,lowdata,noexec
     9                           	psect	cstackCOMRAM,global,class=COMRAM,space=1,delta=1,lowdata,noexec
    10                           	psect	text0,global,reloc=2,class=CODE,delta=1
    11                           	psect	text1,global,reloc=2,class=CODE,delta=1
    12                           	psect	text2,global,reloc=2,class=CODE,delta=1
    13                           	psect	text3,global,reloc=2,class=CODE,delta=1
    14                           	psect	text4,global,reloc=2,class=CODE,delta=1
    15                           	psect	intcode,global,reloc=2,class=CODE,delta=1
    16                           	psect	intsave_regs,global,class=BIGRAM,space=1,delta=1,noexec
    17                           	psect	rparam,global,class=COMRAM,space=1,delta=1,noexec
    18                           	psect	temp,global,ovrld,common,class=COMRAM,space=1,delta=1
    19                           	psect	idloc,global,abs,ovrld,class=IDLOC,space=5,delta=1,noexec
    20                           	psect	config,global,abs,ovrld,class=CONFIG,space=4,delta=1,noexec
    21   000000                     
    22                           ; Generated 09/02/2023 GMT
    23                           ; 
    24                           ; Copyright © 2023, Microchip Technology Inc. and its subsidiaries ("Microchip")
    25                           ; All rights reserved.
    26                           ; 
    27                           ; This software is developed by Microchip Technology Inc. and its subsidiaries ("Microch
      +                          ip").
    28                           ; 
    29                           ; Redistribution and use in source and binary forms, with or without modification, are
    30                           ; permitted provided that the following conditions are met:
    31                           ; 
    32                           ;     1. Redistributions of source code must retain the above copyright notice, this lis
      +                          t of
    33                           ;        conditions and the following disclaimer.
    34                           ; 
    35                           ;     2. Redistributions in binary form must reproduce the above copyright notice, this 
      +                          list
    36                           ;        of conditions and the following disclaimer in the documentation and/or other
    37                           ;        materials provided with the distribution. Publication is not required when
    38                           ;        this file is used in an embedded application.
    39                           ; 
    40                           ;     3. Microchip's name may not be used to endorse or promote products derived from th
      +                          is
    41                           ;        software without specific prior written permission.
    42                           ; 
    43                           ; THIS SOFTWARE IS PROVIDED BY MICROCHIP "AS IS" AND ANY EXPRESS OR IMPLIED WARRANTIES,
    44                           ; INCLUDING, BUT NOT LIMITED TO, THE IMPLIED WARRANTIES OF MERCHANTABILITY AND FITNESS F
      +                          OR
    45                           ; PURPOSE ARE DISCLAIMED.  IN NO EVENT SHALL MICROCHIP BE LIABLE FOR ANY DIRECT, INDIREC
      +                          T,
    46                           ; INCIDENTAL, SPECIAL, EXEMPLARY, OR CONSEQUENTIAL DAMAGES (INCLUDING BUT NOT LIMITED TO
    47                           ; PROCUREMENT OF SUBSTITUTE GOODS OR SERVICES; LOSS OF USE, DATA OR PROFITS; OR BUSINESS
    48                           ; INTERRUPTION) HOWSOEVER CAUSED AND ON ANY THEORY OF LIABILITY, WHETHER IN CONTRACT, ST
      +                          RICT
    49                           ; LIABILITY, OR TORT (INCLUDING NEGLIGENCE OR OTHERWISE) ARISING IN ANY WAY OUT OF THE U
      +                          SE OF
    50                           ; THIS SOFTWARE, EVEN IF ADVISED OF THE POSSIBILITY OF SUCH DAMAGE.
    51                           ; 
    52                           ; 
    53                           ; Code-generator required, PIC18F45K50 Definitions
    54                           ; 
    55                           ; SFR Addresses
    56   000000                     
    57                           	psect	idataCOMRAM
    58   0001D0                     __pidataCOMRAM:
    59                           	callstack 0
    60                           
    61                           ;initializer for _Keypad4x4
    62   0001D0  31                 	db	49
    63   0001D1  32                 	db	50
    64   0001D2  33                 	db	51
    65   0001D3  41                 	db	65
    66   0001D4  34                 	db	52
    67   0001D5  35                 	db	53
    68   0001D6  36                 	db	54
    69   0001D7  42                 	db	66
    70   0001D8  37                 	db	55
    71   0001D9  38                 	db	56
    72   0001DA  39                 	db	57
    73   0001DB  43                 	db	67
    74   0001DC  2A                 	db	42
    75   0001DD  30                 	db	48
    76   0001DE  23                 	db	35
    77   0001DF  44                 	db	68
    78   000000                     _RCREG1	set	4014
    79   000000                     _TXREG1	set	4013
    80   000000                     _SPBRG1	set	4015
    81   000000                     _BAUDCON1	set	4024
    82   000000                     _TRISCbits	set	3988
    83   000000                     _TRISD	set	3989
    84   000000                     _SSP1CON2bits	set	4037
    85   000000                     _SSP1CON1bits	set	4038
    86   000000                     _SSP1STATbits	set	4039
    87   000000                     _OSCCONbits	set	4051
    88   000000                     _ADRESL	set	4035
    89   000000                     _ADRESH	set	4036
    90   000000                     _ADCON0bits	set	4034
    91   000000                     _RCSTA1bits	set	4011
    92   000000                     _TXSTA1bits	set	4012
    93   000000                     _SSP1CON1	set	4038
    94   000000                     _SSP1STAT	set	4039
    95   000000                     _TRISB	set	3987
    96   000000                     _SSPCON2bits	set	4037
    97   000000                     _ANSELBbits	set	3932
    98   000000                     _TRISBbits	set	3987
    99   000000                     _ADCON2bits	set	4032
   100   000000                     _ADCON1bits	set	4033
   101   000000                     _INTCON3bits	set	4080
   102   000000                     _INTCON2bits	set	4081
   103   000000                     _ANSELD	set	3934
   104   000000                     _ANSELCbits	set	3933
   105   000000                     _PORTB	set	3969
   106   000000                     _LATB	set	3978
   107   000000                     _RCONbits	set	4048
   108   000000                     _SSP1BUF	set	4041
   109   000000                     _SSP1ADD	set	4040
   110   000000                     _LATD	set	3980
   111   000000                     _PORTD	set	3971
   112   000000                     _WPUB	set	3973
   113   000000                     _PIE1bits	set	3997
   114   000000                     _PIR1bits	set	3998
   115   000000                     _INTCONbits	set	4082
   116   000000                     _RCSTA1	set	4011
   117   000000                     _TXSTA1	set	4012
   118   000000                     _SPBRGH1	set	4016
   119                           
   120                           ; #config settings
   121                           
   122                           	psect	cinit
   123   000176                     __pcinit:
   124                           	callstack 0
   125   000176                     start_initialization:
   126                           	callstack 0
   127   000176                     __initialization:
   128                           	callstack 0
   129                           
   130                           ; Initialize objects allocated to COMRAM (16 bytes)
   131                           ; load TBLPTR registers with __pidataCOMRAM
   132   000176  0ED0               	movlw	low __pidataCOMRAM
   133   000178  6EF6               	movwf	tblptrl,c
   134   00017A  0E01               	movlw	high __pidataCOMRAM
   135   00017C  6EF7               	movwf	tblptrh,c
   136   00017E  0E00               	movlw	low (__pidataCOMRAM shr (0+16))
   137   000180  6EF8               	movwf	tblptru,c
   138   000182  EE00  F001         	lfsr	0,__pdataCOMRAM
   139   000186  EE10 F010          	lfsr	1,16
   140   00018A                     copy_data0:
   141   00018A  0009               	tblrd		*+
   142   00018C  CFF5 FFEE          	movff	tablat,postinc0
   143   000190  50E5               	movf	postdec1,w,c
   144   000192  50E1               	movf	fsr1l,w,c
   145   000194  E1FA               	bnz	copy_data0
   146                           
   147                           ; Clear objects allocated to COMRAM (3 bytes)
   148   000196  6A18               	clrf	(__pbssCOMRAM+2)& (0+255),c
   149   000198  6A17               	clrf	(__pbssCOMRAM+1)& (0+255),c
   150   00019A  6A16               	clrf	__pbssCOMRAM& (0+255),c
   151   00019C                     end_of_initialization:
   152                           	callstack 0
   153   00019C                     __end_of__initialization:
   154                           	callstack 0
   155   00019C  9019               	bcf	int$flags,0,c	;clear compiler interrupt flag (level 1)
   156   00019E  9219               	bcf	int$flags,1,c	;clear compiler interrupt flag (level 2)
   157   0001A0  0E00               	movlw	low (__Lmediumconst shr (0+16))
   158   0001A2  6EF8               	movwf	tblptru,c
   159   0001A4  0100               	movlb	0
   160   0001A6  EF48  F000         	goto	_main	;jump to C main() function
   161                           
   162                           	psect	bssCOMRAM
   163   000016                     __pbssCOMRAM:
   164                           	callstack 0
   165   000016                     _is_bt2_pushed:
   166                           	callstack 0
   167   000016                     	ds	1
   168   000017                     _is_bt1_pushed:
   169                           	callstack 0
   170   000017                     	ds	1
   171   000018                     _is_bt0_pushed:
   172                           	callstack 0
   173   000018                     	ds	1
   174                           
   175                           	psect	dataCOMRAM
   176   000001                     __pdataCOMRAM:
   177                           	callstack 0
   178   000001                     _Keypad4x4:
   179                           	callstack 0
   180   000001                     	ds	16
   181                           
   182                           	psect	cstackCOMRAM
   183   000011                     __pcstackCOMRAM:
   184                           	callstack 0
   185   000011                     ??_main:
   186   000011                     
   187                           ; 2 bytes @ 0x0
   188   000011                     	ds	3
   189   000014                     main@i:
   190                           	callstack 0
   191                           
   192                           ; 1 bytes @ 0x3
   193   000014                     	ds	1
   194   000015                     main@i_1443:
   195                           	callstack 0
   196                           
   197                           ; 1 bytes @ 0x4
   198   000015                     	ds	1
   199                           
   200 ;;
   201 ;;Main: autosize = 0, tempsize = 3, incstack = 0, save=0
   202 ;;
   203 ;; *************** function _main *****************
   204 ;; Defined at:
   205 ;;		line 11 in file "but_leds.c"
   206 ;; Parameters:    Size  Location     Type
   207 ;;		None
   208 ;; Auto vars:     Size  Location     Type
   209 ;;  i               1    4[COMRAM] unsigned char 
   210 ;;  i               1    3[COMRAM] unsigned char 
   211 ;; Return value:  Size  Location     Type
   212 ;;                  2  400[None  ] int 
   213 ;; Registers used:
   214 ;;		wreg, status,2, status,0, cstack
   215 ;; Tracked objects:
   216 ;;		On entry : 0/0
   217 ;;		On exit  : 0/0
   218 ;;		Unchanged: 0/0
   219 ;; Data sizes:     COMRAM   BANK0   BANK1   BANK2   BANK3   BANK4   BANK5   BANK6   BANK7
   220 ;;      Params:         0       0       0       0       0       0       0       0       0
   221 ;;      Locals:         2       0       0       0       0       0       0       0       0
   222 ;;      Temps:          3       0       0       0       0       0       0       0       0
   223 ;;      Totals:         5       0       0       0       0       0       0       0       0
   224 ;;Total ram usage:        5 bytes
   225 ;; Hardware stack levels required when called: 2
   226 ;; This function calls:
   227 ;;		_INTERRUPT_Global_Config
   228 ;;		_INTERRUPT_INTx_Config
   229 ;;		_OSCILADOR_Init
   230 ;;		_PORT_Init
   231 ;; This function is called by:
   232 ;;		Startup code after reset
   233 ;; This function uses a non-reentrant model
   234 ;;
   235                           
   236                           	psect	text0
   237   000090                     __ptext0:
   238                           	callstack 0
   239   000090                     _main:
   240                           	callstack 29
   241   000090                     
   242                           ;but_leds.c: 13:     OSCILADOR_Init();
   243   000090  ECDF  F000         	call	_OSCILADOR_Init	;wreg free
   244                           
   245                           ;but_leds.c: 14:     PORT_Init();
   246   000094  ECF0  F000         	call	_PORT_Init	;wreg free
   247   000098                     
   248                           ;but_leds.c: 15:     INTERRUPT_Global_Config();
   249   000098  ECF6  F000         	call	_INTERRUPT_Global_Config	;wreg free
   250   00009C                     
   251                           ;but_leds.c: 16:     INTERRUPT_INTx_Config();
   252   00009C  ECD5  F000         	call	_INTERRUPT_INTx_Config	;wreg free
   253   0000A0                     l1511:
   254                           
   255                           ;but_leds.c: 20:         if ( is_bt1_pushed ) {
   256   0000A0  5017               	movf	_is_bt1_pushed^0,w,c	;volatile
   257   0000A2  B4D8               	btfsc	status,2,c
   258   0000A4  EF56  F000         	goto	u461
   259   0000A8  EF58  F000         	goto	u460
   260   0000AC                     u461:
   261   0000AC  EF84  F000         	goto	l1525
   262   0000B0                     u460:
   263   0000B0                     
   264                           ;but_leds.c: 21:             for (uint8_t i = 0; i <= 8; i++) {
   265   0000B0  0E00               	movlw	0
   266   0000B2  6E14               	movwf	main@i^0,c
   267   0000B4                     l1515:
   268   0000B4  0E08               	movlw	8
   269   0000B6  6414               	cpfsgt	main@i^0,c
   270   0000B8  EF60  F000         	goto	u471
   271   0000BC  EF62  F000         	goto	u470
   272   0000C0                     u471:
   273   0000C0  EF64  F000         	goto	l1519
   274   0000C4                     u470:
   275   0000C4  EF50  F000         	goto	l1511
   276   0000C8                     l1519:
   277                           
   278                           ;but_leds.c: 22:             LATD = 0b10000000 >> i;
   279   0000C8  C014  F011         	movff	main@i,??_main
   280   0000CC  0E80               	movlw	128
   281   0000CE  6E12               	movwf	(??_main+1)^0,c
   282   0000D0  0E00               	movlw	0
   283   0000D2  6E13               	movwf	(??_main+2)^0,c
   284   0000D4  2A11               	incf	??_main^0,f,c
   285   0000D6  EF70  F000         	goto	u484
   286   0000DA                     u485:
   287   0000DA  3413               	rlcf	(??_main+2)^0,w,c
   288   0000DC  3213               	rrcf	(??_main+2)^0,f,c
   289   0000DE  3212               	rrcf	(??_main+1)^0,f,c
   290   0000E0                     u484:
   291   0000E0  2E11               	decfsz	??_main^0,f,c
   292   0000E2  EF6D  F000         	goto	u485
   293   0000E6  5012               	movf	(??_main+1)^0,w,c
   294   0000E8  6E8C               	movwf	140,c	;volatile
   295   0000EA                     
   296                           ;but_leds.c: 23:             _delay((unsigned long)((100)*(8000000UL/4000.0)));
   297   0000EA  0E02               	movlw	2
   298   0000EC  6E12               	movwf	(??_main+1)^0,c
   299   0000EE  0E04               	movlw	4
   300   0000F0  6E11               	movwf	??_main^0,c
   301   0000F2  0EBA               	movlw	186
   302   0000F4                     u587:
   303   0000F4  2EE8               	decfsz	wreg,f,c
   304   0000F6  D7FE               	bra	u587
   305   0000F8  2E11               	decfsz	??_main^0,f,c
   306   0000FA  D7FC               	bra	u587
   307   0000FC  2E12               	decfsz	(??_main+1)^0,f,c
   308   0000FE  D7FA               	bra	u587
   309   000100  D000               	nop2	
   310                           
   311                           ;but_leds.c: 24:             }
   312   000102  2A14               	incf	main@i^0,f,c
   313   000104  EF5A  F000         	goto	l1515
   314   000108                     l1525:
   315   000108  5016               	movf	_is_bt2_pushed^0,w,c	;volatile
   316   00010A  B4D8               	btfsc	status,2,c
   317   00010C  EF8A  F000         	goto	u491
   318   000110  EF8C  F000         	goto	u490
   319   000114                     u491:
   320   000114  EFB5  F000         	goto	l1539
   321   000118                     u490:
   322   000118                     
   323                           ;but_leds.c: 27:             for (uint8_t i = 0; i <= 8; i++) {
   324   000118  0E00               	movlw	0
   325   00011A  6E15               	movwf	main@i_1443^0,c
   326   00011C                     l1529:
   327   00011C  0E08               	movlw	8
   328   00011E  6415               	cpfsgt	main@i_1443^0,c
   329   000120  EF94  F000         	goto	u501
   330   000124  EF96  F000         	goto	u500
   331   000128                     u501:
   332   000128  EF98  F000         	goto	l1533
   333   00012C                     u500:
   334   00012C  EF50  F000         	goto	l1511
   335   000130                     l1533:
   336                           
   337                           ;but_leds.c: 28:                 LATD = 1 << i;
   338   000130  C015  F011         	movff	main@i_1443,??_main
   339   000134  0E01               	movlw	1
   340   000136  6E12               	movwf	(??_main+1)^0,c
   341   000138  2A11               	incf	??_main^0,f,c
   342   00013A  EFA1  F000         	goto	u514
   343   00013E                     u515:
   344   00013E  90D8               	bcf	status,0,c
   345   000140  3612               	rlcf	(??_main+1)^0,f,c
   346   000142                     u514:
   347   000142  2E11               	decfsz	??_main^0,f,c
   348   000144  EF9F  F000         	goto	u515
   349   000148  5012               	movf	(??_main+1)^0,w,c
   350   00014A  6E8C               	movwf	140,c	;volatile
   351   00014C                     
   352                           ;but_leds.c: 29:                 _delay((unsigned long)((100)*(8000000UL/4000.0)));
   353   00014C  0E02               	movlw	2
   354   00014E  6E12               	movwf	(??_main+1)^0,c
   355   000150  0E04               	movlw	4
   356   000152  6E11               	movwf	??_main^0,c
   357   000154  0EBA               	movlw	186
   358   000156                     u597:
   359   000156  2EE8               	decfsz	wreg,f,c
   360   000158  D7FE               	bra	u597
   361   00015A  2E11               	decfsz	??_main^0,f,c
   362   00015C  D7FC               	bra	u597
   363   00015E  2E12               	decfsz	(??_main+1)^0,f,c
   364   000160  D7FA               	bra	u597
   365   000162  D000               	nop2	
   366                           
   367                           ;but_leds.c: 30:             }
   368   000164  2A15               	incf	main@i_1443^0,f,c
   369   000166  EF8E  F000         	goto	l1529
   370   00016A                     l1539:
   371                           
   372                           ;but_leds.c: 37:             LATD = 0x00;
   373   00016A  0E00               	movlw	0
   374   00016C  6E8C               	movwf	140,c	;volatile
   375   00016E  EF50  F000         	goto	l1511
   376   000172  EF46  F000         	goto	start
   377   000176                     __end_of_main:
   378                           	callstack 0
   379                           
   380 ;; *************** function _PORT_Init *****************
   381 ;; Defined at:
   382 ;;		line 86 in file "but_leds.c"
   383 ;; Parameters:    Size  Location     Type
   384 ;;		None
   385 ;; Auto vars:     Size  Location     Type
   386 ;;		None
   387 ;; Return value:  Size  Location     Type
   388 ;;                  1    wreg      void 
   389 ;; Registers used:
   390 ;;		wreg, status,2
   391 ;; Tracked objects:
   392 ;;		On entry : 0/0
   393 ;;		On exit  : 0/0
   394 ;;		Unchanged: 0/0
   395 ;; Data sizes:     COMRAM   BANK0   BANK1   BANK2   BANK3   BANK4   BANK5   BANK6   BANK7
   396 ;;      Params:         0       0       0       0       0       0       0       0       0
   397 ;;      Locals:         0       0       0       0       0       0       0       0       0
   398 ;;      Temps:          0       0       0       0       0       0       0       0       0
   399 ;;      Totals:         0       0       0       0       0       0       0       0       0
   400 ;;Total ram usage:        0 bytes
   401 ;; Hardware stack levels used: 1
   402 ;; Hardware stack levels required when called: 1
   403 ;; This function calls:
   404 ;;		Nothing
   405 ;; This function is called by:
   406 ;;		_main
   407 ;; This function uses a non-reentrant model
   408 ;;
   409                           
   410                           	psect	text1
   411   0001E0                     __ptext1:
   412                           	callstack 0
   413   0001E0                     _PORT_Init:
   414                           	callstack 29
   415   0001E0                     
   416                           ;but_leds.c: 88:     ANSELD = 0x00;
   417   0001E0  0E00               	movlw	0
   418   0001E2  010F               	movlb	15	; () banked
   419   0001E4  6F5E               	movwf	94,b	;volatile
   420                           
   421                           ;but_leds.c: 89:     TRISD = 0x00;
   422   0001E6  0E00               	movlw	0
   423   0001E8  6E95               	movwf	149,c	;volatile
   424   0001EA                     
   425                           ; BSR set to: 15
   426   0001EA  0012               	return		;funcret
   427   0001EC                     __end_of_PORT_Init:
   428                           	callstack 0
   429                           
   430 ;; *************** function _OSCILADOR_Init *****************
   431 ;; Defined at:
   432 ;;		line 5 in file "lib_pic/configDevice.c"
   433 ;; Parameters:    Size  Location     Type
   434 ;;		None
   435 ;; Auto vars:     Size  Location     Type
   436 ;;		None
   437 ;; Return value:  Size  Location     Type
   438 ;;                  1    wreg      void 
   439 ;; Registers used:
   440 ;;		wreg, status,2
   441 ;; Tracked objects:
   442 ;;		On entry : 0/0
   443 ;;		On exit  : 0/0
   444 ;;		Unchanged: 0/0
   445 ;; Data sizes:     COMRAM   BANK0   BANK1   BANK2   BANK3   BANK4   BANK5   BANK6   BANK7
   446 ;;      Params:         0       0       0       0       0       0       0       0       0
   447 ;;      Locals:         0       0       0       0       0       0       0       0       0
   448 ;;      Temps:          0       0       0       0       0       0       0       0       0
   449 ;;      Totals:         0       0       0       0       0       0       0       0       0
   450 ;;Total ram usage:        0 bytes
   451 ;; Hardware stack levels used: 1
   452 ;; Hardware stack levels required when called: 1
   453 ;; This function calls:
   454 ;;		Nothing
   455 ;; This function is called by:
   456 ;;		_main
   457 ;; This function uses a non-reentrant model
   458 ;;
   459                           
   460                           	psect	text2
   461   0001BE                     __ptext2:
   462                           	callstack 0
   463   0001BE                     _OSCILADOR_Init:
   464                           	callstack 29
   465   0001BE                     
   466                           ;lib_pic/configDevice.c: 9:     OSCCONbits.IRCF = 0b110;
   467   0001BE  50D3               	movf	211,w,c	;volatile
   468   0001C0  0B8F               	andlw	-113
   469   0001C2  0960               	iorlw	96
   470   0001C4  6ED3               	movwf	211,c	;volatile
   471                           
   472                           ;lib_pic/configDevice.c: 10:     OSCCONbits.SCS = 0b10;
   473   0001C6  50D3               	movf	211,w,c	;volatile
   474   0001C8  0BFC               	andlw	-4
   475   0001CA  0902               	iorlw	2
   476   0001CC  6ED3               	movwf	211,c	;volatile
   477   0001CE  0012               	return		;funcret
   478   0001D0                     __end_of_OSCILADOR_Init:
   479                           	callstack 0
   480                           
   481 ;; *************** function _INTERRUPT_INTx_Config *****************
   482 ;; Defined at:
   483 ;;		line 101 in file "but_leds.c"
   484 ;; Parameters:    Size  Location     Type
   485 ;;		None
   486 ;; Auto vars:     Size  Location     Type
   487 ;;		None
   488 ;; Return value:  Size  Location     Type
   489 ;;                  1    wreg      void 
   490 ;; Registers used:
   491 ;;		None
   492 ;; Tracked objects:
   493 ;;		On entry : 0/0
   494 ;;		On exit  : 0/0
   495 ;;		Unchanged: 0/0
   496 ;; Data sizes:     COMRAM   BANK0   BANK1   BANK2   BANK3   BANK4   BANK5   BANK6   BANK7
   497 ;;      Params:         0       0       0       0       0       0       0       0       0
   498 ;;      Locals:         0       0       0       0       0       0       0       0       0
   499 ;;      Temps:          0       0       0       0       0       0       0       0       0
   500 ;;      Totals:         0       0       0       0       0       0       0       0       0
   501 ;;Total ram usage:        0 bytes
   502 ;; Hardware stack levels used: 1
   503 ;; Hardware stack levels required when called: 1
   504 ;; This function calls:
   505 ;;		Nothing
   506 ;; This function is called by:
   507 ;;		_main
   508 ;; This function uses a non-reentrant model
   509 ;;
   510                           
   511                           	psect	text3
   512   0001AA                     __ptext3:
   513                           	callstack 0
   514   0001AA                     _INTERRUPT_INTx_Config:
   515                           	callstack 29
   516   0001AA                     
   517                           ;but_leds.c: 103:     INTCONbits.INT0IE = 1;
   518   0001AA  88F2               	bsf	242,4,c	;volatile
   519                           
   520                           ;but_leds.c: 104:     INTCONbits.INT0IF = 0;
   521   0001AC  92F2               	bcf	242,1,c	;volatile
   522                           
   523                           ;but_leds.c: 105:     INTCON2bits.INTEDG0 = 0;
   524   0001AE  9CF1               	bcf	241,6,c	;volatile
   525                           
   526                           ;but_leds.c: 108:     INTCON3bits.INT1IE = 1;
   527   0001B0  86F0               	bsf	240,3,c	;volatile
   528                           
   529                           ;but_leds.c: 109:     INTCON3bits.INT1F = 0;
   530   0001B2  90F0               	bcf	240,0,c	;volatile
   531                           
   532                           ;but_leds.c: 110:     INTCON2bits.INTEDG1 = 0;
   533   0001B4  9AF1               	bcf	241,5,c	;volatile
   534                           
   535                           ;but_leds.c: 113:     INTCON3bits.INT2IE = 1;
   536   0001B6  88F0               	bsf	240,4,c	;volatile
   537                           
   538                           ;but_leds.c: 114:     INTCON3bits.INT2IF = 0;
   539   0001B8  92F0               	bcf	240,1,c	;volatile
   540                           
   541                           ;but_leds.c: 115:     INTCON2bits.INTEDG2 = 0;
   542   0001BA  98F1               	bcf	241,4,c	;volatile
   543   0001BC  0012               	return		;funcret
   544   0001BE                     __end_of_INTERRUPT_INTx_Config:
   545                           	callstack 0
   546                           
   547 ;; *************** function _INTERRUPT_Global_Config *****************
   548 ;; Defined at:
   549 ;;		line 93 in file "but_leds.c"
   550 ;; Parameters:    Size  Location     Type
   551 ;;		None
   552 ;; Auto vars:     Size  Location     Type
   553 ;;		None
   554 ;; Return value:  Size  Location     Type
   555 ;;                  1    wreg      void 
   556 ;; Registers used:
   557 ;;		None
   558 ;; Tracked objects:
   559 ;;		On entry : 0/0
   560 ;;		On exit  : 0/0
   561 ;;		Unchanged: 0/0
   562 ;; Data sizes:     COMRAM   BANK0   BANK1   BANK2   BANK3   BANK4   BANK5   BANK6   BANK7
   563 ;;      Params:         0       0       0       0       0       0       0       0       0
   564 ;;      Locals:         0       0       0       0       0       0       0       0       0
   565 ;;      Temps:          0       0       0       0       0       0       0       0       0
   566 ;;      Totals:         0       0       0       0       0       0       0       0       0
   567 ;;Total ram usage:        0 bytes
   568 ;; Hardware stack levels used: 1
   569 ;; Hardware stack levels required when called: 1
   570 ;; This function calls:
   571 ;;		Nothing
   572 ;; This function is called by:
   573 ;;		_main
   574 ;; This function uses a non-reentrant model
   575 ;;
   576                           
   577                           	psect	text4
   578   0001EC                     __ptext4:
   579                           	callstack 0
   580   0001EC                     _INTERRUPT_Global_Config:
   581                           	callstack 29
   582   0001EC                     
   583                           ;but_leds.c: 94:     RCONbits.IPEN = 0;
   584   0001EC  9ED0               	bcf	208,7,c	;volatile
   585                           
   586                           ;but_leds.c: 96:     INTCONbits.GIE = 1;
   587   0001EE  8EF2               	bsf	242,7,c	;volatile
   588                           
   589                           ;but_leds.c: 97:     INTCONbits.PEIE = 1;
   590   0001F0  8CF2               	bsf	242,6,c	;volatile
   591   0001F2  0012               	return		;funcret
   592   0001F4                     __end_of_INTERRUPT_Global_Config:
   593                           	callstack 0
   594                           
   595 ;; *************** function _RutinaServicioInterrupt *****************
   596 ;; Defined at:
   597 ;;		line 46 in file "but_leds.c"
   598 ;; Parameters:    Size  Location     Type
   599 ;;		None
   600 ;; Auto vars:     Size  Location     Type
   601 ;;		None
   602 ;; Return value:  Size  Location     Type
   603 ;;                  1    wreg      void 
   604 ;; Registers used:
   605 ;;		wreg, status,2
   606 ;; Tracked objects:
   607 ;;		On entry : 0/0
   608 ;;		On exit  : 0/0
   609 ;;		Unchanged: 0/0
   610 ;; Data sizes:     COMRAM   BANK0   BANK1   BANK2   BANK3   BANK4   BANK5   BANK6   BANK7
   611 ;;      Params:         0       0       0       0       0       0       0       0       0
   612 ;;      Locals:         0       0       0       0       0       0       0       0       0
   613 ;;      Temps:          0       0       0       0       0       0       0       0       0
   614 ;;      Totals:         0       0       0       0       0       0       0       0       0
   615 ;;Total ram usage:        0 bytes
   616 ;; Hardware stack levels used: 1
   617 ;; This function calls:
   618 ;;		Nothing
   619 ;; This function is called by:
   620 ;;		Interrupt level 2
   621 ;; This function uses a non-reentrant model
   622 ;;
   623                           
   624                           	psect	intcode
   625   000008                     __pintcode:
   626                           	callstack 0
   627   000008                     _RutinaServicioInterrupt:
   628                           	callstack 29
   629                           
   630                           ;incstack = 0
   631   000008  8219               	bsf	int$flags,1,c	;set compiler interrupt flag (level 2)
   632   00000A                     
   633                           ;but_leds.c: 50:     if ( INTCONbits.INT0IE == 1 && INTCONbits.INT0IF == 1 ) {
   634   00000A  A8F2               	btfss	242,4,c	;volatile
   635   00000C  EF0A  F000         	goto	i2u52_41
   636   000010  EF0C  F000         	goto	i2u52_40
   637   000014                     i2u52_41:
   638   000014  EF1A  F000         	goto	i2l1549
   639   000018                     i2u52_40:
   640   000018  A2F2               	btfss	242,1,c	;volatile
   641   00001A  EF11  F000         	goto	i2u53_41
   642   00001E  EF13  F000         	goto	i2u53_40
   643   000022                     i2u53_41:
   644   000022  EF1A  F000         	goto	i2l1549
   645   000026                     i2u53_40:
   646   000026                     
   647                           ;but_leds.c: 52:         is_bt0_pushed = 1;
   648   000026  0E01               	movlw	1
   649   000028  6E18               	movwf	_is_bt0_pushed^0,c	;volatile
   650                           
   651                           ;but_leds.c: 53:         is_bt1_pushed = 0;
   652   00002A  0E00               	movlw	0
   653   00002C  6E17               	movwf	_is_bt1_pushed^0,c	;volatile
   654                           
   655                           ;but_leds.c: 54:         is_bt2_pushed = 0;
   656   00002E  0E00               	movlw	0
   657   000030  6E16               	movwf	_is_bt2_pushed^0,c	;volatile
   658   000032                     
   659                           ;but_leds.c: 56:         INTCONbits.INT0IF = 0;
   660   000032  92F2               	bcf	242,1,c	;volatile
   661   000034                     i2l1549:
   662                           
   663                           ;but_leds.c: 60:     if ( INTCON3bits.INT1IE == 1 && INTCON3bits.INT1IF == 1 ) {
   664   000034  A6F0               	btfss	240,3,c	;volatile
   665   000036  EF1F  F000         	goto	i2u54_41
   666   00003A  EF21  F000         	goto	i2u54_40
   667   00003E                     i2u54_41:
   668   00003E  EF2F  F000         	goto	i2l1557
   669   000042                     i2u54_40:
   670   000042  A0F0               	btfss	240,0,c	;volatile
   671   000044  EF26  F000         	goto	i2u55_41
   672   000048  EF28  F000         	goto	i2u55_40
   673   00004C                     i2u55_41:
   674   00004C  EF2F  F000         	goto	i2l1557
   675   000050                     i2u55_40:
   676   000050                     
   677                           ;but_leds.c: 62:         is_bt0_pushed = 0;
   678   000050  0E00               	movlw	0
   679   000052  6E18               	movwf	_is_bt0_pushed^0,c	;volatile
   680                           
   681                           ;but_leds.c: 63:         is_bt1_pushed = 1;
   682   000054  0E01               	movlw	1
   683   000056  6E17               	movwf	_is_bt1_pushed^0,c	;volatile
   684                           
   685                           ;but_leds.c: 64:         is_bt2_pushed = 0;
   686   000058  0E00               	movlw	0
   687   00005A  6E16               	movwf	_is_bt2_pushed^0,c	;volatile
   688   00005C                     
   689                           ;but_leds.c: 66:         INTCON3bits.INT1IF = 0;
   690   00005C  90F0               	bcf	240,0,c	;volatile
   691   00005E                     i2l1557:
   692                           
   693                           ;but_leds.c: 70:     if ( INTCON3bits.INT2IE == 1 && INTCON3bits.INT2IF == 1 ) {
   694   00005E  A8F0               	btfss	240,4,c	;volatile
   695   000060  EF34  F000         	goto	i2u56_41
   696   000064  EF36  F000         	goto	i2u56_40
   697   000068                     i2u56_41:
   698   000068  EF44  F000         	goto	i2l420
   699   00006C                     i2u56_40:
   700   00006C  A2F0               	btfss	240,1,c	;volatile
   701   00006E  EF3B  F000         	goto	i2u57_41
   702   000072  EF3D  F000         	goto	i2u57_40
   703   000076                     i2u57_41:
   704   000076  EF44  F000         	goto	i2l420
   705   00007A                     i2u57_40:
   706   00007A                     
   707                           ;but_leds.c: 72:         is_bt0_pushed = 0;
   708   00007A  0E00               	movlw	0
   709   00007C  6E18               	movwf	_is_bt0_pushed^0,c	;volatile
   710                           
   711                           ;but_leds.c: 73:         is_bt1_pushed = 0;
   712   00007E  0E00               	movlw	0
   713   000080  6E17               	movwf	_is_bt1_pushed^0,c	;volatile
   714                           
   715                           ;but_leds.c: 74:         is_bt2_pushed = 1;
   716   000082  0E01               	movlw	1
   717   000084  6E16               	movwf	_is_bt2_pushed^0,c	;volatile
   718   000086                     
   719                           ;but_leds.c: 76:         INTCON3bits.INT2IF = 0;
   720   000086  92F0               	bcf	240,1,c	;volatile
   721   000088                     i2l420:
   722   000088  9219               	bcf	int$flags,1,c	;clear compiler interrupt flag (level 2)
   723   00008A  0011               	retfie		f
   724   00008C                     __end_of_RutinaServicioInterrupt:
   725                           	callstack 0
   726   000000                     
   727                           	psect	rparam
   728   000000                     
   729                           	psect	temp
   730   000019                     btemp:
   731                           	callstack 0
   732   000019                     	ds	1
   733   000000                     int$flags	set	btemp
   734   000000                     wtemp8	set	btemp+1
   735   000000                     ttemp5	set	btemp+1
   736   000000                     ttemp6	set	btemp+4
   737   000000                     ttemp7	set	btemp+8
   738                           
   739                           	psect	idloc
   740                           
   741                           ;Config register IDLOC0 @ 0x200000
   742                           ;	unspecified, using default values
   743   200000                     	org	2097152
   744   200000  FF                 	db	255
   745                           
   746                           ;Config register IDLOC1 @ 0x200001
   747                           ;	unspecified, using default values
   748   200001                     	org	2097153
   749   200001  FF                 	db	255
   750                           
   751                           ;Config register IDLOC2 @ 0x200002
   752                           ;	unspecified, using default values
   753   200002                     	org	2097154
   754   200002  FF                 	db	255
   755                           
   756                           ;Config register IDLOC3 @ 0x200003
   757                           ;	unspecified, using default values
   758   200003                     	org	2097155
   759   200003  FF                 	db	255
   760                           
   761                           ;Config register IDLOC4 @ 0x200004
   762                           ;	unspecified, using default values
   763   200004                     	org	2097156
   764   200004  FF                 	db	255
   765                           
   766                           ;Config register IDLOC5 @ 0x200005
   767                           ;	unspecified, using default values
   768   200005                     	org	2097157
   769   200005  FF                 	db	255
   770                           
   771                           ;Config register IDLOC6 @ 0x200006
   772                           ;	unspecified, using default values
   773   200006                     	org	2097158
   774   200006  FF                 	db	255
   775                           
   776                           ;Config register IDLOC7 @ 0x200007
   777                           ;	unspecified, using default values
   778   200007                     	org	2097159
   779   200007  FF                 	db	255
   780                           
   781                           	psect	config
   782                           
   783                           ;Config register CONFIG1L @ 0x300000
   784                           ;	PLL Selection
   785                           ;	PLLSEL = PLL4X, 4x clock multiplier
   786                           ;	PLL Enable Configuration bit
   787                           ;	CFGPLLEN = OFF, PLL Disabled (firmware controlled)
   788                           ;	CPU System Clock Postscaler
   789                           ;	CPUDIV = NOCLKDIV, CPU uses system clock (no divide)
   790                           ;	Low Speed USB mode with 48 MHz system clock
   791                           ;	LS48MHZ = SYS24X4, System clock at 24 MHz, USB clock divider is set to 4
   792   300000                     	org	3145728
   793   300000  00                 	db	0
   794                           
   795                           ;Config register CONFIG1H @ 0x300001
   796                           ;	Oscillator Selection
   797                           ;	FOSC = INTOSCIO, Internal oscillator
   798                           ;	Primary Oscillator Shutdown
   799                           ;	PCLKEN = ON, Primary oscillator enabled
   800                           ;	Fail-Safe Clock Monitor
   801                           ;	FCMEN = OFF, Fail-Safe Clock Monitor disabled
   802                           ;	Internal/External Oscillator Switchover
   803                           ;	IESO = OFF, Oscillator Switchover mode disabled
   804   300001                     	org	3145729
   805   300001  28                 	db	40
   806                           
   807                           ;Config register CONFIG2L @ 0x300002
   808                           ;	Power-up Timer Enable
   809                           ;	nPWRTEN = ON, Power up timer enabled
   810                           ;	Brown-out Reset Enable
   811                           ;	BOREN = SBORDIS, BOR enabled in hardware (SBOREN is ignored)
   812                           ;	Brown-out Reset Voltage
   813                           ;	BORV = 190, BOR set to 1.9V nominal
   814                           ;	Low-Power Brown-out Reset
   815                           ;	nLPBOR = OFF, Low-Power Brown-out Reset disabled
   816   300002                     	org	3145730
   817   300002  5E                 	db	94
   818                           
   819                           ;Config register CONFIG2H @ 0x300003
   820                           ;	Watchdog Timer Enable bits
   821                           ;	WDTEN = OFF, WDT disabled in hardware (SWDTEN ignored)
   822                           ;	Watchdog Timer Postscaler
   823                           ;	WDTPS = 32768, 1:32768
   824   300003                     	org	3145731
   825   300003  3C                 	db	60
   826                           
   827                           ; Padding undefined space
   828   300004                     	org	3145732
   829   300004  FF                 	db	255
   830                           
   831                           ;Config register CONFIG3H @ 0x300005
   832                           ;	CCP2 MUX bit
   833                           ;	CCP2MX = RC1, CCP2 input/output is multiplexed with RC1
   834                           ;	PORTB A/D Enable bit
   835                           ;	PBADEN = OFF, PORTB<5:0> pins are configured as digital I/O on Reset
   836                           ;	Timer3 Clock Input MUX bit
   837                           ;	T3CMX = RC0, T3CKI function is on RC0
   838                           ;	SDO Output MUX bit
   839                           ;	SDOMX = RB3, SDO function is on RB3
   840                           ;	Master Clear Reset Pin Enable
   841                           ;	MCLRE = ON, MCLR pin enabled; RE3 input disabled
   842   300005                     	org	3145733
   843   300005  D1                 	db	209
   844                           
   845                           ;Config register CONFIG4L @ 0x300006
   846                           ;	Stack Full/Underflow Reset
   847                           ;	STVREN = ON, Stack full/underflow will cause Reset
   848                           ;	Single-Supply ICSP Enable bit
   849                           ;	LVP = ON, Single-Supply ICSP enabled if MCLRE is also 1
   850                           ;	Dedicated In-Circuit Debug/Programming Port Enable
   851                           ;	ICPRT = OFF, ICPORT disabled
   852                           ;	Extended Instruction Set Enable bit
   853                           ;	XINST = OFF, Instruction set extension and Indexed Addressing mode disabled
   854                           ;	Background Debugger Enable bit
   855                           ;	DEBUG = 0x1, unprogrammed default
   856   300006                     	org	3145734
   857   300006  85                 	db	133
   858                           
   859                           ; Padding undefined space
   860   300007                     	org	3145735
   861   300007  FF                 	db	255
   862                           
   863                           ;Config register CONFIG5L @ 0x300008
   864                           ;	Block 0 Code Protect
   865                           ;	CP0 = OFF, Block 0 is not code-protected
   866                           ;	Block 1 Code Protect
   867                           ;	CP1 = OFF, Block 1 is not code-protected
   868                           ;	Block 2 Code Protect
   869                           ;	CP2 = OFF, Block 2 is not code-protected
   870                           ;	Block 3 Code Protect
   871                           ;	CP3 = OFF, Block 3 is not code-protected
   872   300008                     	org	3145736
   873   300008  0F                 	db	15
   874                           
   875                           ;Config register CONFIG5H @ 0x300009
   876                           ;	Boot Block Code Protect
   877                           ;	CPB = OFF, Boot block is not code-protected
   878                           ;	Data EEPROM Code Protect
   879                           ;	CPD = OFF, Data EEPROM is not code-protected
   880   300009                     	org	3145737
   881   300009  C0                 	db	192
   882                           
   883                           ;Config register CONFIG6L @ 0x30000A
   884                           ;	Block 0 Write Protect
   885                           ;	WRT0 = OFF, Block 0 (0800-1FFFh) is not write-protected
   886                           ;	Block 1 Write Protect
   887                           ;	WRT1 = OFF, Block 1 (2000-3FFFh) is not write-protected
   888                           ;	Block 2 Write Protect
   889                           ;	WRT2 = OFF, Block 2 (04000-5FFFh) is not write-protected
   890                           ;	Block 3 Write Protect
   891                           ;	WRT3 = OFF, Block 3 (06000-7FFFh) is not write-protected
   892   30000A                     	org	3145738
   893   30000A  0F                 	db	15
   894                           
   895                           ;Config register CONFIG6H @ 0x30000B
   896                           ;	Configuration Registers Write Protect
   897                           ;	WRTC = OFF, Configuration registers (300000-3000FFh) are not write-protected
   898                           ;	Boot Block Write Protect
   899                           ;	WRTB = OFF, Boot block (0000-7FFh) is not write-protected
   900                           ;	Data EEPROM Write Protect
   901                           ;	WRTD = OFF, Data EEPROM is not write-protected
   902   30000B                     	org	3145739
   903   30000B  E0                 	db	224
   904                           
   905                           ;Config register CONFIG7L @ 0x30000C
   906                           ;	Block 0 Table Read Protect
   907                           ;	EBTR0 = OFF, Block 0 is not protected from table reads executed in other blocks
   908                           ;	Block 1 Table Read Protect
   909                           ;	EBTR1 = OFF, Block 1 is not protected from table reads executed in other blocks
   910                           ;	Block 2 Table Read Protect
   911                           ;	EBTR2 = OFF, Block 2 is not protected from table reads executed in other blocks
   912                           ;	Block 3 Table Read Protect
   913                           ;	EBTR3 = OFF, Block 3 is not protected from table reads executed in other blocks
   914   30000C                     	org	3145740
   915   30000C  0F                 	db	15
   916                           
   917                           ;Config register CONFIG7H @ 0x30000D
   918                           ;	Boot Block Table Read Protect
   919                           ;	EBTRB = OFF, Boot block is not protected from table reads executed in other blocks
   920   30000D                     	org	3145741
   921   30000D  40                 	db	64
   922                           tosu	equ	0xFFF
   923                           tosh	equ	0xFFE
   924                           tosl	equ	0xFFD
   925                           stkptr	equ	0xFFC
   926                           pclatu	equ	0xFFB
   927                           pclath	equ	0xFFA
   928                           pcl	equ	0xFF9
   929                           tblptru	equ	0xFF8
   930                           tblptrh	equ	0xFF7
   931                           tblptrl	equ	0xFF6
   932                           tablat	equ	0xFF5
   933                           prodh	equ	0xFF4
   934                           prodl	equ	0xFF3
   935                           indf0	equ	0xFEF
   936                           postinc0	equ	0xFEE
   937                           postdec0	equ	0xFED
   938                           preinc0	equ	0xFEC
   939                           plusw0	equ	0xFEB
   940                           fsr0h	equ	0xFEA
   941                           fsr0l	equ	0xFE9
   942                           wreg	equ	0xFE8
   943                           indf1	equ	0xFE7
   944                           postinc1	equ	0xFE6
   945                           postdec1	equ	0xFE5
   946                           preinc1	equ	0xFE4
   947                           plusw1	equ	0xFE3
   948                           fsr1h	equ	0xFE2
   949                           fsr1l	equ	0xFE1
   950                           bsr	equ	0xFE0
   951                           indf2	equ	0xFDF
   952                           postinc2	equ	0xFDE
   953                           postdec2	equ	0xFDD
   954                           preinc2	equ	0xFDC
   955                           plusw2	equ	0xFDB
   956                           fsr2h	equ	0xFDA
   957                           fsr2l	equ	0xFD9
   958                           status	equ	0xFD8

Data Sizes:
    Strings     0
    Constant    0
    Data        16
    BSS         3
    Persistent  0
    Stack       0

Auto Spaces:
    Space          Size  Autos    Used
    COMRAM           94      5      24
    BANK0           160      0       0
    BANK1           256      0       0
    BANK2           256      0       0
    BANK3           256      0       0
    BANK4           256      0       0
    BANK5           256      0       0
    BANK6           256      0       0
    BANK7           256      0       0

Pointer List with Targets:

    None.

Critical Paths under _main in COMRAM

    None.

Critical Paths under _RutinaServicioInterrupt in COMRAM

    None.

Critical Paths under _main in BANK0

    None.

Critical Paths under _RutinaServicioInterrupt in BANK0

    None.

Critical Paths under _main in BANK1

    None.

Critical Paths under _RutinaServicioInterrupt in BANK1

    None.

Critical Paths under _main in BANK2

    None.

Critical Paths under _RutinaServicioInterrupt in BANK2

    None.

Critical Paths under _main in BANK3

    None.

Critical Paths under _RutinaServicioInterrupt in BANK3

    None.

Critical Paths under _main in BANK4

    None.

Critical Paths under _RutinaServicioInterrupt in BANK4

    None.

Critical Paths under _main in BANK5

    None.

Critical Paths under _RutinaServicioInterrupt in BANK5

    None.

Critical Paths under _main in BANK6

    None.

Critical Paths under _RutinaServicioInterrupt in BANK6

    None.

Critical Paths under _main in BANK7

    None.

Critical Paths under _RutinaServicioInterrupt in BANK7

    None.

Call Graph Tables:

 ---------------------------------------------------------------------------------
 (Depth) Function   	        Calls       Base Space   Used Autos Params    Refs
 ---------------------------------------------------------------------------------
 (0) _main                                                 5     5      0      90
                                              0 COMRAM     5     5      0
            _INTERRUPT_Global_Config
              _INTERRUPT_INTx_Config
                     _OSCILADOR_Init
                          _PORT_Init
 ---------------------------------------------------------------------------------
 (1) _PORT_Init                                            0     0      0       0
 ---------------------------------------------------------------------------------
 (1) _OSCILADOR_Init                                       0     0      0       0
 ---------------------------------------------------------------------------------
 (1) _INTERRUPT_INTx_Config                                0     0      0       0
 ---------------------------------------------------------------------------------
 (1) _INTERRUPT_Global_Config                              0     0      0       0
 ---------------------------------------------------------------------------------
 Estimated maximum stack depth 1
 ---------------------------------------------------------------------------------
 (Depth) Function   	        Calls       Base Space   Used Autos Params    Refs
 ---------------------------------------------------------------------------------
 (2) _RutinaServicioInterrupt                              0     0      0       0
 ---------------------------------------------------------------------------------
 Estimated maximum stack depth 2
 ---------------------------------------------------------------------------------

 Call Graph Graphs:

 _main (ROOT)
   _INTERRUPT_Global_Config
   _INTERRUPT_INTx_Config
   _OSCILADOR_Init
   _PORT_Init

 _RutinaServicioInterrupt (ROOT)

 Address spaces:
Name               Size   Autos  Total    Cost      Usage
BIGRAM             7FF      0       0      36        0.0%
EEDATA             100      0       0       0        0.0%
BITBANK7           100      0       0      18        0.0%
BANK7              100      0       0      19        0.0%
BITBANK6           100      0       0      16        0.0%
BANK6              100      0       0      17        0.0%
BITBANK5           100      0       0      14        0.0%
BANK5              100      0       0      15        0.0%
BITBANK4           100      0       0      12        0.0%
BANK4              100      0       0      13        0.0%
BITBANK3           100      0       0      10        0.0%
BANK3              100      0       0      11        0.0%
BITBANK2           100      0       0       8        0.0%
BANK2              100      0       0       9        0.0%
BITBANK1           100      0       0       6        0.0%
BANK1              100      0       0       7        0.0%
BITBANK0            A0      0       0       4        0.0%
BANK0               A0      0       0       5        0.0%
BITCOMRAM           5E      0       0       0        0.0%
COMRAM              5E      5      18       1       25.5%
BITBIGSFRllhll      22      0       0      33        0.0%
BITBIGSFRhhhl       1C      0       0      21        0.0%
BITBIGSFRhhhh        D      0       0      20        0.0%
BITBIGSFRlhhhl       C      0       0      26        0.0%
BITBIGSFRlll         9      0       0      34        0.0%
BITBIGSFRlhhhhl      7      0       0      25        0.0%
BITBIGSFRlhhhhh      7      0       0      24        0.0%
BITBIGSFRlhhl        7      0       0      27        0.0%
BITBIGSFRllhhh       6      0       0      28        0.0%
BITBIGSFRhhlhl       6      0       0      23        0.0%
BITBIGSFRllhlhh      4      0       0      30        0.0%
BITBIGSFRhhlhh       2      0       0      22        0.0%
BITBIGSFRllhlhh      1      0       0      31        0.0%
BITBIGSFRllhlhl      1      0       0      32        0.0%
BITBIGSFRllhhl       1      0       0      29        0.0%
BIGSFR               0      0       0     200        0.0%
BITSFR_1             0      0       0     200        0.0%
SFR_1                0      0       0     200        0.0%
BITSFR               0      0       0     200        0.0%
SFR                  0      0       0     200        0.0%
STACK                0      0       0       2        0.0%
NULL                 0      0       0       0        0.0%
ABS                  0      0      18      35        0.0%
DATA                 0      0      18       3        0.0%
CODE                 0      0       0       0        0.0%


Microchip Technology PIC18 Macro Assembler V2.40 build 20220703182018 
Symbol Table                                                                                   Mon Mar 20 16:35:36 2023

                             l39 01CE                              l423 01EA  
                            l426 01F2                              l429 01BC  
                            u500 012C                              u501 0128  
                            u514 0142                              u515 013E  
                            u460 00B0                              u461 00AC  
                            u470 00C4                              u471 00C0  
                            u490 0118                              u491 0114  
                            u484 00E0                              u485 00DA  
                            u587 00F4                              u597 0156  
__end_of_INTERRUPT_Global_Config 01F4                              wreg 000FE8  
                     _TXSTA1bits 000FAC                             l1141 01BE  
                           l1231 01EC                             l1233 01AA  
                           l1229 01E0                             l1511 00A0  
                           l1521 00EA                             l1513 00B0  
                           l1505 0090                             l1515 00B4  
                           l1507 0098                             l1533 0130  
                           l1525 0108                             l1509 009C  
                           l1535 014C                             l1527 0118  
                           l1519 00C8                             l1529 011C  
                           l1539 016A                             _LATB 000F8A  
                           _LATD 000F8C            _INTERRUPT_INTx_Config 01AA  
                           _WPUB 000F85                             _main 0090  
                           fsr1l 000FE1                             btemp 0019  
                           start 008C                     ___param_bank 000000  
                          ?_main 0011                            i2l420 0088  
                          _PORTB 000F81                            _PORTD 000F83  
                          _TRISB 000F93                            _TRISD 000F95  
                          main@i 0014                            tablat 000FF5  
                  _is_bt0_pushed 0018                            ttemp5 001A  
                          ttemp6 001D                            ttemp7 0021  
                          status 000FD8                    _is_bt1_pushed 0017  
                          wtemp8 001A                    _is_bt2_pushed 0016  
                __initialization 0176                     __end_of_main 0176  
                         ??_main 0011                    __activetblptr 000002  
               ??_OSCILADOR_Init 0011                           _ADRESH 000FC4  
                         _ADRESL 000FC3           ?_INTERRUPT_INTx_Config 0011  
                         _ANSELD 000F5E                           i2l1541 000A  
                         i2l1551 0042                           i2l1543 0018  
                         i2l1561 007A                           i2l1553 0050  
                         i2l1545 0026                           i2l1563 0086  
                         i2l1555 005C                           i2l1547 0032  
                         i2l1557 005E                           i2l1549 0034  
                         i2l1559 006C                           _RCREG1 000FAE  
                         _RCSTA1 000FAB                           _SPBRG1 000FAF  
                         _TXREG1 000FAD                           _TXSTA1 000FAC  
              __end_of_PORT_Init 01EC                           isa$std 000001  
                   __pdataCOMRAM 0001                           tblptrh 000FF7  
                         tblptrl 000FF6                           tblptru 000FF8  
                     __accesstop 0060          __end_of__initialization 019C  
                  ___rparam_used 000001                   __pcstackCOMRAM 0011  
                        i2u52_40 0018                          i2u52_41 0014  
                        i2u53_40 0026                          i2u53_41 0022  
                        i2u54_40 0042                          i2u54_41 003E  
                        i2u55_40 0050                          i2u55_41 004C  
                        i2u56_40 006C                          i2u56_41 0068  
                        i2u57_40 007A                          i2u57_41 0076  
                        _SPBRGH1 000FB0                          _SSP1ADD 000FC8  
                        _SSP1BUF 000FC9          _RutinaServicioInterrupt 0008  
        _INTERRUPT_Global_Config 01EC                          __Hparam 0000  
                        __Lparam 0000                          __pcinit 0176  
                        __ramtop 0800                          __ptext0 0090  
                        __ptext1 01E0                          __ptext2 01BE  
                        __ptext3 01AA                          __ptext4 01EC  
        ??_INTERRUPT_INTx_Config 0011             end_of_initialization 019C  
                  __Lmediumconst 0000                          postdec1 000FE5  
                        postinc0 000FEE                        _PORT_Init 01E0  
                      _TRISBbits 000F93                        _TRISCbits 000F94  
                     main@i_1443 0015        ??_RutinaServicioInterrupt 0011  
      ??_INTERRUPT_Global_Config 0011                    __pidataCOMRAM 01D0  
                     ?_PORT_Init 0011              start_initialization 0176  
                      _Keypad4x4 0001  __end_of_RutinaServicioInterrupt 008C  
                    __pbssCOMRAM 0016                        __pintcode 0008  
                    ??_PORT_Init 0011                         _BAUDCON1 000FB8  
  __end_of_INTERRUPT_INTx_Config 01BE                         _PIE1bits 000F9D  
                       _PIR1bits 000F9E                         _RCONbits 000FD0  
                       _SSP1CON1 000FC6                         _SSP1STAT 000FC7  
                     _ADCON0bits 000FC2                       _ADCON1bits 000FC1  
                     _ADCON2bits 000FC0                      _INTCON2bits 000FF1  
                    _INTCON3bits 000FF0                        copy_data0 018A  
                 _OSCILADOR_Init 01BE                         __Hrparam 0000  
                       __Lrparam 0000                       _ANSELBbits 000F5C  
                     _ANSELCbits 000F5D                     _SSP1CON1bits 000FC6  
                   _SSP1CON2bits 000FC5           __end_of_OSCILADOR_Init 01D0  
                       isa$xinst 000000                         int$flags 0019  
                   _SSP1STATbits 000FC7         ?_RutinaServicioInterrupt 0011  
                     _INTCONbits 000FF2         ?_INTERRUPT_Global_Config 0011  
                       intlevel2 0000                  ?_OSCILADOR_Init 0011  
                     _RCSTA1bits 000FAB                       _OSCCONbits 000FD3  
                    _SSPCON2bits 000FC5  
